----------------------------------------------------------------
Wed Nov 15 14:25:41 CET 2023:
Booting Derby version The Apache Software Foundation - Apache Derby - 10.16.1.1 - (1901046): instance a816c00e-018b-d328-adab-000001e70b10 
on database directory C:\Users\fress\Desktop\archivio\experis_JAVA\projects\spring-la-mia-pizzeria-relazioni\db_pizzeria_experis_v2 with class loader jdk.internal.loader.ClassLoaders$AppClassLoader@1d44bcfa 
Loaded from file:/C:/Users/fress/.m2/repository/org/apache/derby/derby/10.16.1.1/derby-10.16.1.1.jar
java.vendor=Eclipse Adoptium
java.runtime.version=17.0.8.1+1
user.dir=C:\Users\fress\Desktop\archivio\experis_JAVA\projects\spring-la-mia-pizzeria-relazioni
os.name=Windows 11
os.arch=amd64
os.version=10.0
derby.system.home=null
Database Class Loader started - derby.database.classpath=''
----------------------------------------------------------------
Wed Nov 15 14:49:46 CET 2023:
Shutting down instance a816c00e-018b-d328-adab-000001e70b10 on database directory C:\Users\fress\Desktop\archivio\experis_JAVA\projects\spring-la-mia-pizzeria-relazioni\db_pizzeria_experis_v2 with class loader jdk.internal.loader.ClassLoaders$AppClassLoader@1d44bcfa 
Wed Nov 15 14:49:46 CET 2023 Thread[Thread-18,5,main] Cleanup action starting
ERROR XBM0I: Directory directory:db_pizzeria_experis_v2 cannot be removed.
	at org.apache.derby.shared.common.error.StandardException.newException(StandardException.java:299)
	at org.apache.derby.shared.common.error.StandardException.newException(StandardException.java:294)
	at org.apache.derby.iapi.services.monitor.Monitor.removePersistentService(Monitor.java:663)
	at org.apache.derby.impl.jdbc.EmbedConnection.removePersistentService(EmbedConnection.java:4014)
	at org.apache.derby.impl.jdbc.EmbedConnection.<init>(EmbedConnection.java:620)
	at org.apache.derby.iapi.jdbc.InternalDriver.getNewEmbedConnection(InternalDriver.java:630)
	at org.apache.derby.iapi.jdbc.InternalDriver$LoginCallable.call(InternalDriver.java:400)
	at org.apache.derby.iapi.jdbc.InternalDriver$LoginCallable.call(InternalDriver.java:376)
	at java.base/java.util.concurrent.FutureTask.run(FutureTask.java:264)
	at java.base/java.util.concurrent.ThreadPoolExecutor.runWorker(ThreadPoolExecutor.java:1136)
	at java.base/java.util.concurrent.ThreadPoolExecutor$Worker.run(ThreadPoolExecutor.java:635)
	at java.base/java.lang.Thread.run(Thread.java:833)
Cleanup action completed
Wed Nov 15 14:49:46 CET 2023 Thread[Thread-18,5,main] Cleanup action starting
ERROR XBM0I: Directory directory:db_pizzeria_experis_v2 cannot be removed.
	at org.apache.derby.shared.common.error.StandardException.newException(StandardException.java:299)
	at org.apache.derby.shared.common.error.StandardException.newException(StandardException.java:294)
	at org.apache.derby.iapi.services.monitor.Monitor.removePersistentService(Monitor.java:663)
	at org.apache.derby.impl.jdbc.EmbedConnection.removePersistentService(EmbedConnection.java:4014)
	at org.apache.derby.impl.jdbc.EmbedConnection.<init>(EmbedConnection.java:620)
	at org.apache.derby.iapi.jdbc.InternalDriver.getNewEmbedConnection(InternalDriver.java:630)
	at org.apache.derby.iapi.jdbc.InternalDriver$LoginCallable.call(InternalDriver.java:400)
	at org.apache.derby.iapi.jdbc.InternalDriver$LoginCallable.call(InternalDriver.java:376)
	at java.base/java.util.concurrent.FutureTask.run(FutureTask.java:264)
	at java.base/java.util.concurrent.ThreadPoolExecutor.runWorker(ThreadPoolExecutor.java:1136)
	at java.base/java.util.concurrent.ThreadPoolExecutor$Worker.run(ThreadPoolExecutor.java:635)
	at java.base/java.lang.Thread.run(Thread.java:833)
Cleanup action completed
